<?xml version="1.0" encoding="UTF-8"?>
<!-- Generated by org.testng.reporters.JUnitReportReporter -->
<testsuite skipped="0" hostname="DESKTOP-T7T5P6U" name="Hotstar.SignupTest" tests="2" failures="0" timestamp="2020-01-04T16:40:22 IST" time="0.004" errors="0">
  <testcase name="mobileNoSignup" time="0.002" classname="Hotstar.SignupTest"/>
  <testcase name="fbSignup" time="0.002" classname="Hotstar.SignupTest"/>
</testsuite> <!-- Hotstar.SignupTest -->
