<?xml version="1.0" encoding="UTF-8"?>
<!-- Generated by org.testng.reporters.JUnitReportReporter -->
<testsuite skipped="0" hostname="DESKTOP-T7T5P6U" name="Hotstar.LoginTest" tests="2" failures="0" timestamp="2020-01-04T16:40:22 IST" time="31.077" errors="0">
  <testcase name="mobileNoLogin" time="0.001" classname="Hotstar.LoginTest"/>
  <testcase name="login" time="31.076" classname="Hotstar.LoginTest"/>
</testsuite> <!-- Hotstar.LoginTest -->
